c:\users\julien daoust\documents\inf2990-06\cadriciel\commun\utilitaire\x64\release\vc120.pdb
c:\users\julien daoust\documents\inf2990-06\cadriciel\commun\utilitaire\x64\release\projectionperspective.obj
c:\users\julien daoust\documents\inf2990-06\cadriciel\commun\utilitaire\x64\release\utilitaire.obj
c:\users\julien daoust\documents\inf2990-06\cadriciel\commun\utilitaire\x64\release\plan3d.obj
c:\users\julien daoust\documents\inf2990-06\cadriciel\commun\utilitaire\x64\release\opengl_nuanceur.obj
c:\users\julien daoust\documents\inf2990-06\cadriciel\commun\utilitaire\x64\release\opengl_programme.obj
c:\users\julien daoust\documents\inf2990-06\cadriciel\commun\utilitaire\x64\release\opengl_debug.obj
c:\users\julien daoust\documents\inf2990-06\cadriciel\commun\utilitaire\x64\release\etatopengl.obj
c:\users\julien daoust\documents\inf2990-06\cadriciel\commun\utilitaire\x64\release\boiteenvironnement.obj
c:\users\julien daoust\documents\inf2990-06\cadriciel\commun\utilitaire\x64\release\aidegl.obj
c:\users\julien daoust\documents\inf2990-06\cadriciel\commun\utilitaire\x64\release\modelestorage_list.obj
c:\users\julien daoust\documents\inf2990-06\cadriciel\commun\utilitaire\x64\release\modelestorage_cpu_local.obj
c:\users\julien daoust\documents\inf2990-06\cadriciel\commun\utilitaire\x64\release\noeud.obj
c:\users\julien daoust\documents\inf2990-06\cadriciel\commun\utilitaire\x64\release\modele3d.obj
c:\users\julien daoust\documents\inf2990-06\cadriciel\commun\utilitaire\x64\release\mesh.obj
c:\users\julien daoust\documents\inf2990-06\cadriciel\commun\utilitaire\x64\release\materiau.obj
c:\users\julien daoust\documents\inf2990-06\cadriciel\commun\utilitaire\x64\release\droite3d.obj
c:\users\julien daoust\documents\inf2990-06\cadriciel\commun\utilitaire\x64\release\compteuraffichage.obj
c:\users\julien daoust\documents\inf2990-06\cadriciel\commun\utilitaire\x64\release\clecturefichierbinaire.obj
c:\users\julien daoust\documents\inf2990-06\cadriciel\commun\utilitaire\x64\release\cecriturefichierbinaire.obj
c:\users\julien daoust\documents\inf2990-06\cadriciel\commun\utilitaire\x64\release\aidecollision.obj
c:\users\julien daoust\documents\inf2990-06\cadriciel\commun\utilitaire\x64\release\vueortho.obj
c:\users\julien daoust\documents\inf2990-06\cadriciel\commun\utilitaire\x64\release\vue.obj
c:\users\julien daoust\documents\inf2990-06\cadriciel\commun\utilitaire\x64\release\projectionortho.obj
c:\users\julien daoust\documents\inf2990-06\cadriciel\commun\utilitaire\x64\release\projection.obj
c:\users\julien daoust\documents\inf2990-06\cadriciel\commun\utilitaire\x64\release\camera.obj
c:\users\julien daoust\documents\inf2990-06\cadriciel\commun\utilitaire\x64\release\vueperspective.obj
c:\users\julien daoust\documents\inf2990-06\cadriciel\commun\utilitaire\x64\release\utilitaire.lib
c:\users\julien daoust\documents\inf2990-06\cadriciel\commun\utilitaire\x64\release\utilitaire.tlog\cl.command.1.tlog
c:\users\julien daoust\documents\inf2990-06\cadriciel\commun\utilitaire\x64\release\utilitaire.tlog\cl.read.1.tlog
c:\users\julien daoust\documents\inf2990-06\cadriciel\commun\utilitaire\x64\release\utilitaire.tlog\cl.write.1.tlog
c:\users\julien daoust\documents\inf2990-06\cadriciel\commun\utilitaire\x64\release\utilitaire.tlog\lib-link.read.1.tlog
c:\users\julien daoust\documents\inf2990-06\cadriciel\commun\utilitaire\x64\release\utilitaire.tlog\lib-link.write.1.tlog
c:\users\julien daoust\documents\inf2990-06\cadriciel\commun\utilitaire\x64\release\utilitaire.tlog\lib.command.1.tlog
