c:\users\julien daoust\documents\inf2990-06\cadriciel\commun\utilitaire\x64\debug\vc120.pdb
c:\users\julien daoust\documents\inf2990-06\cadriciel\commun\utilitaire\x64\debug\vc120.idb
c:\users\julien daoust\documents\inf2990-06\cadriciel\commun\utilitaire\x64\debug\mesh.obj
c:\users\julien daoust\documents\inf2990-06\cadriciel\commun\utilitaire\x64\debug\modele3d.obj
c:\users\julien daoust\documents\inf2990-06\cadriciel\commun\utilitaire\x64\debug\noeud.obj
c:\users\julien daoust\documents\inf2990-06\cadriciel\commun\utilitaire\x64\debug\modelestorage_cpu_local.obj
c:\users\julien daoust\documents\inf2990-06\cadriciel\commun\utilitaire\x64\debug\modelestorage_list.obj
c:\users\julien daoust\documents\inf2990-06\cadriciel\commun\utilitaire\x64\debug\aidegl.obj
c:\users\julien daoust\documents\inf2990-06\cadriciel\commun\utilitaire\x64\debug\boiteenvironnement.obj
c:\users\julien daoust\documents\inf2990-06\cadriciel\commun\utilitaire\x64\debug\etatopengl.obj
c:\users\julien daoust\documents\inf2990-06\cadriciel\commun\utilitaire\x64\debug\opengl_debug.obj
c:\users\julien daoust\documents\inf2990-06\cadriciel\commun\utilitaire\x64\debug\opengl_programme.obj
c:\users\julien daoust\documents\inf2990-06\cadriciel\commun\utilitaire\x64\debug\opengl_nuanceur.obj
c:\users\julien daoust\documents\inf2990-06\cadriciel\commun\utilitaire\x64\debug\plan3d.obj
c:\users\julien daoust\documents\inf2990-06\cadriciel\commun\utilitaire\x64\debug\utilitaire.obj
c:\users\julien daoust\documents\inf2990-06\cadriciel\commun\utilitaire\x64\debug\projectionperspective.obj
c:\users\julien daoust\documents\inf2990-06\cadriciel\commun\utilitaire\x64\debug\vueperspective.obj
c:\users\julien daoust\documents\inf2990-06\cadriciel\commun\utilitaire\x64\debug\camera.obj
c:\users\julien daoust\documents\inf2990-06\cadriciel\commun\utilitaire\x64\debug\projection.obj
c:\users\julien daoust\documents\inf2990-06\cadriciel\commun\utilitaire\x64\debug\projectionortho.obj
c:\users\julien daoust\documents\inf2990-06\cadriciel\commun\utilitaire\x64\debug\vue.obj
c:\users\julien daoust\documents\inf2990-06\cadriciel\commun\utilitaire\x64\debug\vueortho.obj
c:\users\julien daoust\documents\inf2990-06\cadriciel\commun\utilitaire\x64\debug\aidecollision.obj
c:\users\julien daoust\documents\inf2990-06\cadriciel\commun\utilitaire\x64\debug\cecriturefichierbinaire.obj
c:\users\julien daoust\documents\inf2990-06\cadriciel\commun\utilitaire\x64\debug\clecturefichierbinaire.obj
c:\users\julien daoust\documents\inf2990-06\cadriciel\commun\utilitaire\x64\debug\compteuraffichage.obj
c:\users\julien daoust\documents\inf2990-06\cadriciel\commun\utilitaire\x64\debug\droite3d.obj
c:\users\julien daoust\documents\inf2990-06\cadriciel\commun\utilitaire\x64\debug\materiau.obj
c:\users\julien daoust\documents\inf2990-06\cadriciel\commun\utilitaire\x64\debug\utilitaire.lib
c:\users\julien daoust\documents\inf2990-06\cadriciel\commun\utilitaire\x64\debug\utilitaire.tlog\cl.command.1.tlog
c:\users\julien daoust\documents\inf2990-06\cadriciel\commun\utilitaire\x64\debug\utilitaire.tlog\cl.read.1.tlog
c:\users\julien daoust\documents\inf2990-06\cadriciel\commun\utilitaire\x64\debug\utilitaire.tlog\cl.write.1.tlog
c:\users\julien daoust\documents\inf2990-06\cadriciel\commun\utilitaire\x64\debug\utilitaire.tlog\lib-link.read.1.tlog
c:\users\julien daoust\documents\inf2990-06\cadriciel\commun\utilitaire\x64\debug\utilitaire.tlog\lib-link.write.1.tlog
c:\users\julien daoust\documents\inf2990-06\cadriciel\commun\utilitaire\x64\debug\utilitaire.tlog\lib.command.1.tlog
