c:\users\julien daoust\documents\inf2990-06\cadriciel\sources\dll\x64\release\vc120.pdb
c:\users\julien daoust\documents\inf2990-06\cadriciel\sources\dll\x64\release\visiteurduplication.obj
c:\users\julien daoust\documents\inf2990-06\cadriciel\sources\dll\x64\release\visiteurcollision.obj
c:\users\julien daoust\documents\inf2990-06\cadriciel\sources\dll\x64\release\noeudplaque.obj
c:\users\julien daoust\documents\inf2990-06\cadriciel\sources\dll\x64\release\noeudtrou.obj
c:\users\julien daoust\documents\inf2990-06\cadriciel\sources\dll\x64\release\noeudressort.obj
c:\users\julien daoust\documents\inf2990-06\cadriciel\sources\dll\x64\release\noeudportail.obj
c:\users\julien daoust\documents\inf2990-06\cadriciel\sources\dll\x64\release\noeudpalettejoueur2droite.obj
c:\users\julien daoust\documents\inf2990-06\cadriciel\sources\dll\x64\release\noeudpalettejoueur1droite.obj
c:\users\julien daoust\documents\inf2990-06\cadriciel\sources\dll\x64\release\noeudmur.obj
c:\users\julien daoust\documents\inf2990-06\cadriciel\sources\dll\x64\release\noeudgenerateurbille.obj
c:\users\julien daoust\documents\inf2990-06\cadriciel\sources\dll\x64\release\noeudconecube.obj
c:\users\julien daoust\documents\inf2990-06\cadriciel\sources\dll\x64\release\noeudcible.obj
c:\users\julien daoust\documents\inf2990-06\cadriciel\sources\dll\x64\release\noeudbutoirtriangulairedroit.obj
c:\users\julien daoust\documents\inf2990-06\cadriciel\sources\dll\x64\release\noeudbutoirtriangulairegauche.obj
c:\users\julien daoust\documents\inf2990-06\cadriciel\sources\dll\x64\release\noeudbutoircirculaire.obj
c:\users\julien daoust\documents\inf2990-06\cadriciel\sources\dll\x64\release\noeudbille.obj
c:\users\julien daoust\documents\inf2990-06\cadriciel\sources\dll\x64\release\noeudaraignee.obj
c:\users\julien daoust\documents\inf2990-06\cadriciel\sources\dll\x64\release\son.obj
c:\users\julien daoust\documents\inf2990-06\cadriciel\sources\dll\x64\release\quadtree.obj
c:\users\julien daoust\documents\inf2990-06\cadriciel\sources\dll\x64\release\facademodele.obj
c:\users\julien daoust\documents\inf2990-06\cadriciel\sources\dll\x64\release\noeudabstraittest.obj
c:\users\julien daoust\documents\inf2990-06\cadriciel\sources\dll\x64\release\configscenetest.obj
c:\users\julien daoust\documents\inf2990-06\cadriciel\sources\dll\x64\release\facadeinterfacenative.obj
c:\users\julien daoust\documents\inf2990-06\cadriciel\sources\dll\x64\release\banctests.obj
c:\users\julien daoust\documents\inf2990-06\cadriciel\sources\dll\x64\release\noeudpalettejoueur2gauche.obj
c:\users\julien daoust\documents\inf2990-06\cadriciel\sources\dll\x64\release\noeudpalettejoueur1gauche.obj
c:\users\julien daoust\documents\inf2990-06\cadriciel\sources\dll\x64\release\noeudcomposite.obj
c:\users\julien daoust\documents\inf2990-06\cadriciel\sources\dll\x64\release\noeudabstrait.obj
c:\users\julien daoust\documents\inf2990-06\cadriciel\sources\dll\x64\release\arbrerenduinf2990.obj
c:\users\julien daoust\documents\inf2990-06\cadriciel\sources\dll\x64\release\arbrerendu.obj
c:\users\julien daoust\documents\inf2990-06\cadriciel\sources\dll\x64\release\configscene.obj
c:\users\julien daoust\documents\inf2990-06\cadriciel\sources\dll\x64\release\visteurscale.obj
c:\users\julien daoust\documents\inf2990-06\cadriciel\sources\dll\x64\release\visiteurtranslation.obj
c:\users\julien daoust\documents\inf2990-06\cadriciel\sources\dll\x64\release\visiteurrotation.obj
c:\users\julien daoust\documents\inf2990-06\cadriciel\sources\dll\x64\release\visiteurlirexml.obj
c:\users\julien daoust\documents\inf2990-06\cadriciel\sources\dll\x64\release\visiteurecrirexml.obj
c:\users\julien daoust\documents\inf2990-06\cadriciel\sources\dll\x64\release\noyau.tlog\cl.command.1.tlog
c:\users\julien daoust\documents\inf2990-06\cadriciel\sources\dll\x64\release\noyau.tlog\cl.read.1.tlog
c:\users\julien daoust\documents\inf2990-06\cadriciel\sources\dll\x64\release\noyau.tlog\cl.write.1.tlog
c:\users\julien daoust\documents\inf2990-06\cadriciel\sources\dll\x64\release\noyau.tlog\link.command.1.tlog
c:\users\julien daoust\documents\inf2990-06\cadriciel\sources\dll\x64\release\noyau.tlog\link.read.1.tlog
c:\users\julien daoust\documents\inf2990-06\cadriciel\sources\dll\x64\release\noyau.tlog\link.write.1.tlog
