c:\users\julien daoust\documents\inf2990-06\cadriciel\sources\dll\x64\debug\vc120.pdb
c:\users\julien daoust\documents\inf2990-06\cadriciel\sources\dll\x64\debug\vc120.idb
c:\users\julien daoust\documents\inf2990-06\cadriciel\sources\dll\x64\debug\noeudtrou.obj
c:\users\julien daoust\documents\inf2990-06\cadriciel\sources\dll\x64\debug\noeudplaque.obj
c:\users\julien daoust\documents\inf2990-06\cadriciel\sources\dll\x64\debug\visiteurcollision.obj
c:\users\julien daoust\documents\inf2990-06\cadriciel\sources\dll\x64\debug\visiteurduplication.obj
c:\users\julien daoust\documents\inf2990-06\cadriciel\sources\dll\x64\debug\visiteurecrirexml.obj
c:\users\julien daoust\documents\inf2990-06\cadriciel\sources\dll\x64\debug\visiteurlirexml.obj
c:\users\julien daoust\documents\inf2990-06\cadriciel\sources\dll\x64\debug\visiteurrotation.obj
c:\users\julien daoust\documents\inf2990-06\cadriciel\sources\dll\x64\debug\visiteurtranslation.obj
c:\users\julien daoust\documents\inf2990-06\cadriciel\sources\dll\x64\debug\visteurscale.obj
c:\users\julien daoust\documents\inf2990-06\cadriciel\sources\dll\x64\debug\configscene.obj
c:\users\julien daoust\documents\inf2990-06\cadriciel\sources\dll\x64\debug\arbrerendu.obj
c:\users\julien daoust\documents\inf2990-06\cadriciel\sources\dll\x64\debug\arbrerenduinf2990.obj
c:\users\julien daoust\documents\inf2990-06\cadriciel\sources\dll\x64\debug\noeudabstrait.obj
c:\users\julien daoust\documents\inf2990-06\cadriciel\sources\dll\x64\debug\noeudcomposite.obj
c:\users\julien daoust\documents\inf2990-06\cadriciel\sources\dll\x64\debug\noeudpalettejoueur1gauche.obj
c:\users\julien daoust\documents\inf2990-06\cadriciel\sources\dll\x64\debug\noeudpalettejoueur2gauche.obj
c:\users\julien daoust\documents\inf2990-06\cadriciel\sources\dll\x64\debug\banctests.obj
c:\users\julien daoust\documents\inf2990-06\cadriciel\sources\dll\x64\debug\facadeinterfacenative.obj
c:\users\julien daoust\documents\inf2990-06\cadriciel\sources\dll\x64\debug\configscenetest.obj
c:\users\julien daoust\documents\inf2990-06\cadriciel\sources\dll\x64\debug\noeudabstraittest.obj
c:\users\julien daoust\documents\inf2990-06\cadriciel\sources\dll\x64\debug\facademodele.obj
c:\users\julien daoust\documents\inf2990-06\cadriciel\sources\dll\x64\debug\quadtree.obj
c:\users\julien daoust\documents\inf2990-06\cadriciel\sources\dll\x64\debug\noeudaraignee.obj
c:\users\julien daoust\documents\inf2990-06\cadriciel\sources\dll\x64\debug\noeudbille.obj
c:\users\julien daoust\documents\inf2990-06\cadriciel\sources\dll\x64\debug\noeudbutoircirculaire.obj
c:\users\julien daoust\documents\inf2990-06\cadriciel\sources\dll\x64\debug\noeudbutoirtriangulairegauche.obj
c:\users\julien daoust\documents\inf2990-06\cadriciel\sources\dll\x64\debug\noeudbutoirtriangulairedroit.obj
c:\users\julien daoust\documents\inf2990-06\cadriciel\sources\dll\x64\debug\noeudcible.obj
c:\users\julien daoust\documents\inf2990-06\cadriciel\sources\dll\x64\debug\noeudconecube.obj
c:\users\julien daoust\documents\inf2990-06\cadriciel\sources\dll\x64\debug\noeudgenerateurbille.obj
c:\users\julien daoust\documents\inf2990-06\cadriciel\sources\dll\x64\debug\noeudmur.obj
c:\users\julien daoust\documents\inf2990-06\cadriciel\sources\dll\x64\debug\noeudpalettejoueur1droite.obj
c:\users\julien daoust\documents\inf2990-06\cadriciel\sources\dll\x64\debug\noeudpalettejoueur2droite.obj
c:\users\julien daoust\documents\inf2990-06\cadriciel\sources\dll\x64\debug\noeudportail.obj
c:\users\julien daoust\documents\inf2990-06\cadriciel\sources\dll\x64\debug\noeudressort.obj
c:\users\julien daoust\documents\inf2990-06\cadriciel\sources\dll\x64\debug\son.obj
c:\users\julien daoust\documents\inf2990-06\cadriciel\exe\noyau.ilk
c:\users\julien daoust\documents\inf2990-06\cadriciel\exe\noyau.dll
c:\users\julien daoust\documents\inf2990-06\cadriciel\exe\noyau.pdb
c:\users\julien daoust\documents\inf2990-06\cadriciel\exe\noyau.lib
c:\users\julien daoust\documents\inf2990-06\cadriciel\exe\noyau.exp
c:\users\julien daoust\documents\inf2990-06\cadriciel\sources\dll\..\..\exe\noyau.dll
c:\users\julien daoust\documents\inf2990-06\cadriciel\sources\dll\x64\debug\noyau.tlog\cl.command.1.tlog
c:\users\julien daoust\documents\inf2990-06\cadriciel\sources\dll\x64\debug\noyau.tlog\cl.read.1.tlog
c:\users\julien daoust\documents\inf2990-06\cadriciel\sources\dll\x64\debug\noyau.tlog\cl.write.1.tlog
c:\users\julien daoust\documents\inf2990-06\cadriciel\sources\dll\x64\debug\noyau.tlog\link.command.1.tlog
c:\users\julien daoust\documents\inf2990-06\cadriciel\sources\dll\x64\debug\noyau.tlog\link.read.1.tlog
c:\users\julien daoust\documents\inf2990-06\cadriciel\sources\dll\x64\debug\noyau.tlog\link.write.1.tlog
c:\users\julien daoust\documents\inf2990-06\cadriciel\sources\dll\x64\debug\noyau.tlog\noyau.write.1u.tlog
